2025-06-04T01:36:37.717+09:00  INFO 17632 --- [restartedMain] c.t.b.t.TallybotBackApplication          : Starting TallybotBackApplication using Java 17.0.12 with PID 17632 (C:\Users\jhy69\tally-bot\api-backend\tallybot_back\build\classes\java\main started by jhy in C:\Users\jhy69\tally-bot\api-backend\tallybot_back)
2025-06-04T01:36:37.727+09:00 DEBUG 17632 --- [restartedMain] c.t.b.t.TallybotBackApplication          : Running with Spring Boot v3.4.5, Spring v6.2.6
2025-06-04T01:36:37.730+09:00  INFO 17632 --- [restartedMain] c.t.b.t.TallybotBackApplication          : The following 1 profile is active: "rds"
2025-06-04T01:36:37.889+09:00  INFO 17632 --- [restartedMain] .e.DevToolsPropertyDefaultsPostProcessor : Devtools property defaults active! Set 'spring.devtools.add-properties' to 'false' to disable
2025-06-04T01:36:37.890+09:00  INFO 17632 --- [restartedMain] .e.DevToolsPropertyDefaultsPostProcessor : For additional web related logging consider setting the 'logging.level.web' property to 'DEBUG'
2025-06-04T01:36:42.157+09:00  INFO 17632 --- [restartedMain] .s.d.r.c.RepositoryConfigurationDelegate : Bootstrapping Spring Data JPA repositories in DEFAULT mode.
2025-06-04T01:36:42.408+09:00  INFO 17632 --- [restartedMain] .s.d.r.c.RepositoryConfigurationDelegate : Finished Spring Data repository scanning in 222 ms. Found 7 JPA repository interfaces.
2025-06-04T01:36:44.723+09:00  INFO 17632 --- [restartedMain] o.s.b.w.embedded.tomcat.TomcatWebServer  : Tomcat initialized with port 8080 (http)
2025-06-04T01:36:44.754+09:00  INFO 17632 --- [restartedMain] o.apache.catalina.core.StandardService   : Starting service [Tomcat]
2025-06-04T01:36:44.755+09:00  INFO 17632 --- [restartedMain] o.apache.catalina.core.StandardEngine    : Starting Servlet engine: [Apache Tomcat/10.1.40]
2025-06-04T01:36:44.857+09:00  INFO 17632 --- [restartedMain] o.a.c.c.C.[Tomcat].[localhost].[/]       : Initializing Spring embedded WebApplicationContext
2025-06-04T01:36:44.858+09:00  INFO 17632 --- [restartedMain] w.s.c.ServletWebServerApplicationContext : Root WebApplicationContext: initialization completed in 6965 ms
2025-06-04T01:36:45.366+09:00  INFO 17632 --- [restartedMain] c.t.b.t.config.SecretsManagerConfig      : 🔐 AWS Secrets Manager에서 DB 정보를 가져오는 중... (Secret: tallybot-test-db)
2025-06-04T01:36:46.390+09:00 ERROR 17632 --- [restartedMain] c.t.b.t.config.SecretsManagerConfig      : ❌ AWS Secrets Manager에서 DB 정보 가져오기 실패: Unable to load credentials from any of the providers in the chain AwsCredentialsProviderChain(credentialsProviders=[SystemPropertyCredentialsProvider(), EnvironmentVariableCredentialsProvider(), WebIdentityTokenCredentialsProvider(), ProfileCredentialsProvider(profileName=default, profileFile=ProfileFile(profilesAndSectionsMap=[])), ContainerCredentialsProvider(), InstanceProfileCredentialsProvider()]) : [SystemPropertyCredentialsProvider(): Unable to load credentials from system settings. Access key must be specified either via environment variable (AWS_ACCESS_KEY_ID) or system property (aws.accessKeyId)., EnvironmentVariableCredentialsProvider(): Unable to load credentials from system settings. Access key must be specified either via environment variable (AWS_ACCESS_KEY_ID) or system property (aws.accessKeyId)., WebIdentityTokenCredentialsProvider(): Either the environment variable AWS_WEB_IDENTITY_TOKEN_FILE or the javaproperty aws.webIdentityTokenFile must be set., ProfileCredentialsProvider(profileName=default, profileFile=ProfileFile(profilesAndSectionsMap=[])): Profile file contained no credentials for profile 'default': ProfileFile(profilesAndSectionsMap=[]), ContainerCredentialsProvider(): Cannot fetch credentials from container - neither AWS_CONTAINER_CREDENTIALS_FULL_URI or AWS_CONTAINER_CREDENTIALS_RELATIVE_URI environment variables are set., InstanceProfileCredentialsProvider(): Failed to load credentials from IMDS.]
2025-06-04T01:36:46.392+09:00  WARN 17632 --- [restartedMain] ConfigServletWebServerApplicationContext : Exception encountered during context initialization - cancelling refresh attempt: org.springframework.beans.factory.BeanCreationException: Error creating bean with name 'entityManagerFactory' defined in class path resource [org/springframework/boot/autoconfigure/orm/jpa/HibernateJpaConfiguration.class]: Failed to initialize dependency 'dataSourceScriptDatabaseInitializer' of LoadTimeWeaverAware bean 'entityManagerFactory': Error creating bean with name 'dataSourceScriptDatabaseInitializer' defined in class path resource [org/springframework/boot/autoconfigure/sql/init/DataSourceInitializationConfiguration.class]: Unsatisfied dependency expressed through method 'dataSourceScriptDatabaseInitializer' parameter 0: Error creating bean with name 'dataSource' defined in class path resource [com/tallybot/backend/tallybot_back/config/SecretsManagerConfig.class]: Failed to instantiate [javax.sql.DataSource]: Factory method 'dataSource' threw exception with message: Failed to configure DataSource from AWS Secrets Manager
2025-06-04T01:36:46.396+09:00  INFO 17632 --- [restartedMain] o.apache.catalina.core.StandardService   : Stopping service [Tomcat]
2025-06-04T01:36:46.442+09:00  INFO 17632 --- [restartedMain] .s.b.a.l.ConditionEvaluationReportLogger : 

Error starting ApplicationContext. To display the condition evaluation report re-run your application with 'debug' enabled.
2025-06-04T01:36:46.476+09:00 ERROR 17632 --- [restartedMain] o.s.boot.SpringApplication               : Application run failed

org.springframework.beans.factory.BeanCreationException: Error creating bean with name 'entityManagerFactory' defined in class path resource [org/springframework/boot/autoconfigure/orm/jpa/HibernateJpaConfiguration.class]: Failed to initialize dependency 'dataSourceScriptDatabaseInitializer' of LoadTimeWeaverAware bean 'entityManagerFactory': Error creating bean with name 'dataSourceScriptDatabaseInitializer' defined in class path resource [org/springframework/boot/autoconfigure/sql/init/DataSourceInitializationConfiguration.class]: Unsatisfied dependency expressed through method 'dataSourceScriptDatabaseInitializer' parameter 0: Error creating bean with name 'dataSource' defined in class path resource [com/tallybot/backend/tallybot_back/config/SecretsManagerConfig.class]: Failed to instantiate [javax.sql.DataSource]: Factory method 'dataSource' threw exception with message: Failed to configure DataSource from AWS Secrets Manager
	at org.springframework.beans.factory.support.AbstractBeanFactory.doGetBean(AbstractBeanFactory.java:328) ~[spring-beans-6.2.6.jar:6.2.6]
	at org.springframework.beans.factory.support.AbstractBeanFactory.getBean(AbstractBeanFactory.java:207) ~[spring-beans-6.2.6.jar:6.2.6]
	at org.springframework.context.support.AbstractApplicationContext.finishBeanFactoryInitialization(AbstractApplicationContext.java:970) ~[spring-context-6.2.6.jar:6.2.6]
	at org.springframework.context.support.AbstractApplicationContext.refresh(AbstractApplicationContext.java:627) ~[spring-context-6.2.6.jar:6.2.6]
	at org.springframework.boot.web.servlet.context.ServletWebServerApplicationContext.refresh(ServletWebServerApplicationContext.java:146) ~[spring-boot-3.4.5.jar:3.4.5]
	at org.springframework.boot.SpringApplication.refresh(SpringApplication.java:753) ~[spring-boot-3.4.5.jar:3.4.5]
	at org.springframework.boot.SpringApplication.refreshContext(SpringApplication.java:439) ~[spring-boot-3.4.5.jar:3.4.5]
	at org.springframework.boot.SpringApplication.run(SpringApplication.java:318) ~[spring-boot-3.4.5.jar:3.4.5]
	at org.springframework.boot.SpringApplication.run(SpringApplication.java:1362) ~[spring-boot-3.4.5.jar:3.4.5]
	at org.springframework.boot.SpringApplication.run(SpringApplication.java:1351) ~[spring-boot-3.4.5.jar:3.4.5]
	at com.tallybot.backend.tallybot_back.TallybotBackApplication.main(TallybotBackApplication.java:10) ~[main/:na]
	at java.base/jdk.internal.reflect.NativeMethodAccessorImpl.invoke0(Native Method) ~[na:na]
	at java.base/jdk.internal.reflect.NativeMethodAccessorImpl.invoke(NativeMethodAccessorImpl.java:77) ~[na:na]
	at java.base/jdk.internal.reflect.DelegatingMethodAccessorImpl.invoke(DelegatingMethodAccessorImpl.java:43) ~[na:na]
	at java.base/java.lang.reflect.Method.invoke(Method.java:568) ~[na:na]
	at org.springframework.boot.devtools.restart.RestartLauncher.run(RestartLauncher.java:50) ~[spring-boot-devtools-3.4.5.jar:3.4.5]
Caused by: org.springframework.beans.factory.UnsatisfiedDependencyException: Error creating bean with name 'dataSourceScriptDatabaseInitializer' defined in class path resource [org/springframework/boot/autoconfigure/sql/init/DataSourceInitializationConfiguration.class]: Unsatisfied dependency expressed through method 'dataSourceScriptDatabaseInitializer' parameter 0: Error creating bean with name 'dataSource' defined in class path resource [com/tallybot/backend/tallybot_back/config/SecretsManagerConfig.class]: Failed to instantiate [javax.sql.DataSource]: Factory method 'dataSource' threw exception with message: Failed to configure DataSource from AWS Secrets Manager
	at org.springframework.beans.factory.support.ConstructorResolver.createArgumentArray(ConstructorResolver.java:804) ~[spring-beans-6.2.6.jar:6.2.6]
	at org.springframework.beans.factory.support.ConstructorResolver.instantiateUsingFactoryMethod(ConstructorResolver.java:546) ~[spring-beans-6.2.6.jar:6.2.6]
	at org.springframework.beans.factory.support.AbstractAutowireCapableBeanFactory.instantiateUsingFactoryMethod(AbstractAutowireCapableBeanFactory.java:1367) ~[spring-beans-6.2.6.jar:6.2.6]
	at org.springframework.beans.factory.support.AbstractAutowireCapableBeanFactory.createBeanInstance(AbstractAutowireCapableBeanFactory.java:1197) ~[spring-beans-6.2.6.jar:6.2.6]
	at org.springframework.beans.factory.support.AbstractAutowireCapableBeanFactory.doCreateBean(AbstractAutowireCapableBeanFactory.java:569) ~[spring-beans-6.2.6.jar:6.2.6]
	at org.springframework.beans.factory.support.AbstractAutowireCapableBeanFactory.createBean(AbstractAutowireCapableBeanFactory.java:529) ~[spring-beans-6.2.6.jar:6.2.6]
	at org.springframework.beans.factory.support.AbstractBeanFactory.lambda$doGetBean$0(AbstractBeanFactory.java:339) ~[spring-beans-6.2.6.jar:6.2.6]
	at org.springframework.beans.factory.support.DefaultSingletonBeanRegistry.getSingleton(DefaultSingletonBeanRegistry.java:371) ~[spring-beans-6.2.6.jar:6.2.6]
	at org.springframework.beans.factory.support.AbstractBeanFactory.doGetBean(AbstractBeanFactory.java:337) ~[spring-beans-6.2.6.jar:6.2.6]
	at org.springframework.beans.factory.support.AbstractBeanFactory.getBean(AbstractBeanFactory.java:202) ~[spring-beans-6.2.6.jar:6.2.6]
	at org.springframework.beans.factory.support.AbstractBeanFactory.doGetBean(AbstractBeanFactory.java:315) ~[spring-beans-6.2.6.jar:6.2.6]
	... 15 common frames omitted
Caused by: org.springframework.beans.factory.BeanCreationException: Error creating bean with name 'dataSource' defined in class path resource [com/tallybot/backend/tallybot_back/config/SecretsManagerConfig.class]: Failed to instantiate [javax.sql.DataSource]: Factory method 'dataSource' threw exception with message: Failed to configure DataSource from AWS Secrets Manager
	at org.springframework.beans.factory.support.ConstructorResolver.instantiate(ConstructorResolver.java:657) ~[spring-beans-6.2.6.jar:6.2.6]
	at org.springframework.beans.factory.support.ConstructorResolver.instantiateUsingFactoryMethod(ConstructorResolver.java:489) ~[spring-beans-6.2.6.jar:6.2.6]
	at org.springframework.beans.factory.support.AbstractAutowireCapableBeanFactory.instantiateUsingFactoryMethod(AbstractAutowireCapableBeanFactory.java:1367) ~[spring-beans-6.2.6.jar:6.2.6]
	at org.springframework.beans.factory.support.AbstractAutowireCapableBeanFactory.createBeanInstance(AbstractAutowireCapableBeanFactory.java:1197) ~[spring-beans-6.2.6.jar:6.2.6]
	at org.springframework.beans.factory.support.AbstractAutowireCapableBeanFactory.doCreateBean(AbstractAutowireCapableBeanFactory.java:569) ~[spring-beans-6.2.6.jar:6.2.6]
	at org.springframework.beans.factory.support.AbstractAutowireCapableBeanFactory.createBean(AbstractAutowireCapableBeanFactory.java:529) ~[spring-beans-6.2.6.jar:6.2.6]
	at org.springframework.beans.factory.support.AbstractBeanFactory.lambda$doGetBean$0(AbstractBeanFactory.java:339) ~[spring-beans-6.2.6.jar:6.2.6]
	at org.springframework.beans.factory.support.DefaultSingletonBeanRegistry.getSingleton(DefaultSingletonBeanRegistry.java:371) ~[spring-beans-6.2.6.jar:6.2.6]
	at org.springframework.beans.factory.support.AbstractBeanFactory.doGetBean(AbstractBeanFactory.java:337) ~[spring-beans-6.2.6.jar:6.2.6]
	at org.springframework.beans.factory.support.AbstractBeanFactory.getBean(AbstractBeanFactory.java:202) ~[spring-beans-6.2.6.jar:6.2.6]
	at org.springframework.beans.factory.support.DefaultListableBeanFactory.doResolveDependency(DefaultListableBeanFactory.java:1681) ~[spring-beans-6.2.6.jar:6.2.6]
	at org.springframework.beans.factory.support.DefaultListableBeanFactory.resolveDependency(DefaultListableBeanFactory.java:1627) ~[spring-beans-6.2.6.jar:6.2.6]
	at org.springframework.beans.factory.support.ConstructorResolver.resolveAutowiredArgument(ConstructorResolver.java:913) ~[spring-beans-6.2.6.jar:6.2.6]
	at org.springframework.beans.factory.support.ConstructorResolver.createArgumentArray(ConstructorResolver.java:791) ~[spring-beans-6.2.6.jar:6.2.6]
	... 25 common frames omitted
Caused by: org.springframework.beans.BeanInstantiationException: Failed to instantiate [javax.sql.DataSource]: Factory method 'dataSource' threw exception with message: Failed to configure DataSource from AWS Secrets Manager
	at org.springframework.beans.factory.support.SimpleInstantiationStrategy.lambda$instantiate$0(SimpleInstantiationStrategy.java:199) ~[spring-beans-6.2.6.jar:6.2.6]
	at org.springframework.beans.factory.support.SimpleInstantiationStrategy.instantiateWithFactoryMethod(SimpleInstantiationStrategy.java:88) ~[spring-beans-6.2.6.jar:6.2.6]
	at org.springframework.beans.factory.support.SimpleInstantiationStrategy.instantiate(SimpleInstantiationStrategy.java:168) ~[spring-beans-6.2.6.jar:6.2.6]
	at org.springframework.beans.factory.support.ConstructorResolver.instantiate(ConstructorResolver.java:653) ~[spring-beans-6.2.6.jar:6.2.6]
	... 38 common frames omitted
Caused by: java.lang.RuntimeException: Failed to configure DataSource from AWS Secrets Manager
	at com.tallybot.backend.tallybot_back.config.SecretsManagerConfig.dataSource(SecretsManagerConfig.java:80) ~[main/:na]
	at com.tallybot.backend.tallybot_back.config.SecretsManagerConfig$$SpringCGLIB$$0.CGLIB$dataSource$0(<generated>) ~[main/:na]
	at com.tallybot.backend.tallybot_back.config.SecretsManagerConfig$$SpringCGLIB$$FastClass$$1.invoke(<generated>) ~[main/:na]
	at org.springframework.cglib.proxy.MethodProxy.invokeSuper(MethodProxy.java:258) ~[spring-core-6.2.6.jar:6.2.6]
	at org.springframework.context.annotation.ConfigurationClassEnhancer$BeanMethodInterceptor.intercept(ConfigurationClassEnhancer.java:393) ~[spring-context-6.2.6.jar:6.2.6]
	at com.tallybot.backend.tallybot_back.config.SecretsManagerConfig$$SpringCGLIB$$0.dataSource(<generated>) ~[main/:na]
	at java.base/jdk.internal.reflect.NativeMethodAccessorImpl.invoke0(Native Method) ~[na:na]
	at java.base/jdk.internal.reflect.NativeMethodAccessorImpl.invoke(NativeMethodAccessorImpl.java:77) ~[na:na]
	at java.base/jdk.internal.reflect.DelegatingMethodAccessorImpl.invoke(DelegatingMethodAccessorImpl.java:43) ~[na:na]
	at java.base/java.lang.reflect.Method.invoke(Method.java:568) ~[na:na]
	at org.springframework.beans.factory.support.SimpleInstantiationStrategy.lambda$instantiate$0(SimpleInstantiationStrategy.java:171) ~[spring-beans-6.2.6.jar:6.2.6]
	... 41 common frames omitted
Caused by: software.amazon.awssdk.core.exception.SdkClientException: Unable to load credentials from any of the providers in the chain AwsCredentialsProviderChain(credentialsProviders=[SystemPropertyCredentialsProvider(), EnvironmentVariableCredentialsProvider(), WebIdentityTokenCredentialsProvider(), ProfileCredentialsProvider(profileName=default, profileFile=ProfileFile(profilesAndSectionsMap=[])), ContainerCredentialsProvider(), InstanceProfileCredentialsProvider()]) : [SystemPropertyCredentialsProvider(): Unable to load credentials from system settings. Access key must be specified either via environment variable (AWS_ACCESS_KEY_ID) or system property (aws.accessKeyId)., EnvironmentVariableCredentialsProvider(): Unable to load credentials from system settings. Access key must be specified either via environment variable (AWS_ACCESS_KEY_ID) or system property (aws.accessKeyId)., WebIdentityTokenCredentialsProvider(): Either the environment variable AWS_WEB_IDENTITY_TOKEN_FILE or the javaproperty aws.webIdentityTokenFile must be set., ProfileCredentialsProvider(profileName=default, profileFile=ProfileFile(profilesAndSectionsMap=[])): Profile file contained no credentials for profile 'default': ProfileFile(profilesAndSectionsMap=[]), ContainerCredentialsProvider(): Cannot fetch credentials from container - neither AWS_CONTAINER_CREDENTIALS_FULL_URI or AWS_CONTAINER_CREDENTIALS_RELATIVE_URI environment variables are set., InstanceProfileCredentialsProvider(): Failed to load credentials from IMDS.]
	at software.amazon.awssdk.core.exception.SdkClientException$BuilderImpl.build(SdkClientException.java:111) ~[sdk-core-2.20.26.jar:na]
	at software.amazon.awssdk.auth.credentials.AwsCredentialsProviderChain.resolveCredentials(AwsCredentialsProviderChain.java:117) ~[auth-2.20.26.jar:na]
	at software.amazon.awssdk.auth.credentials.internal.LazyAwsCredentialsProvider.resolveCredentials(LazyAwsCredentialsProvider.java:45) ~[auth-2.20.26.jar:na]
	at software.amazon.awssdk.auth.credentials.DefaultCredentialsProvider.resolveCredentials(DefaultCredentialsProvider.java:126) ~[auth-2.20.26.jar:na]
	at software.amazon.awssdk.core.internal.util.MetricUtils.measureDuration(MetricUtils.java:50) ~[sdk-core-2.20.26.jar:na]
	at software.amazon.awssdk.awscore.internal.authcontext.AwsCredentialsAuthorizationStrategy.resolveCredentials(AwsCredentialsAuthorizationStrategy.java:100) ~[aws-core-2.20.26.jar:na]
	at software.amazon.awssdk.awscore.internal.authcontext.AwsCredentialsAuthorizationStrategy.addCredentialsToExecutionAttributes(AwsCredentialsAuthorizationStrategy.java:77) ~[aws-core-2.20.26.jar:na]
	at software.amazon.awssdk.awscore.internal.AwsExecutionContextBuilder.invokeInterceptorsAndCreateExecutionContext(AwsExecutionContextBuilder.java:123) ~[aws-core-2.20.26.jar:na]
	at software.amazon.awssdk.awscore.client.handler.AwsSyncClientHandler.invokeInterceptorsAndCreateExecutionContext(AwsSyncClientHandler.java:69) ~[aws-core-2.20.26.jar:na]
	at software.amazon.awssdk.core.internal.handler.BaseSyncClientHandler.lambda$execute$1(BaseSyncClientHandler.java:78) ~[sdk-core-2.20.26.jar:na]
	at software.amazon.awssdk.core.internal.handler.BaseSyncClientHandler.measureApiCallSuccess(BaseSyncClientHandler.java:179) ~[sdk-core-2.20.26.jar:na]
	at software.amazon.awssdk.core.internal.handler.BaseSyncClientHandler.execute(BaseSyncClientHandler.java:76) ~[sdk-core-2.20.26.jar:na]
	at software.amazon.awssdk.core.client.handler.SdkSyncClientHandler.execute(SdkSyncClientHandler.java:45) ~[sdk-core-2.20.26.jar:na]
	at software.amazon.awssdk.awscore.client.handler.AwsSyncClientHandler.execute(AwsSyncClientHandler.java:56) ~[aws-core-2.20.26.jar:na]
	at software.amazon.awssdk.services.secretsmanager.DefaultSecretsManagerClient.getSecretValue(DefaultSecretsManagerClient.java:978) ~[secretsmanager-2.20.26.jar:na]
	at com.tallybot.backend.tallybot_back.config.SecretsManagerConfig.dataSource(SecretsManagerConfig.java:44) ~[main/:na]
	... 51 common frames omitted

2025-06-04T01:38:22.637+09:00  INFO 22872 --- [restartedMain] c.t.b.t.TallybotBackApplication          : Starting TallybotBackApplication using Java 17.0.12 with PID 22872 (C:\Users\jhy69\tally-bot\api-backend\tallybot_back\build\classes\java\main started by jhy in C:\Users\jhy69\tally-bot\api-backend\tallybot_back)
2025-06-04T01:38:22.652+09:00 DEBUG 22872 --- [restartedMain] c.t.b.t.TallybotBackApplication          : Running with Spring Boot v3.4.5, Spring v6.2.6
2025-06-04T01:38:22.655+09:00  INFO 22872 --- [restartedMain] c.t.b.t.TallybotBackApplication          : The following 1 profile is active: "rds"
2025-06-04T01:38:22.924+09:00  INFO 22872 --- [restartedMain] .e.DevToolsPropertyDefaultsPostProcessor : Devtools property defaults active! Set 'spring.devtools.add-properties' to 'false' to disable
2025-06-04T01:38:22.925+09:00  INFO 22872 --- [restartedMain] .e.DevToolsPropertyDefaultsPostProcessor : For additional web related logging consider setting the 'logging.level.web' property to 'DEBUG'
2025-06-04T01:38:27.370+09:00  INFO 22872 --- [restartedMain] .s.d.r.c.RepositoryConfigurationDelegate : Bootstrapping Spring Data JPA repositories in DEFAULT mode.
2025-06-04T01:38:27.622+09:00  INFO 22872 --- [restartedMain] .s.d.r.c.RepositoryConfigurationDelegate : Finished Spring Data repository scanning in 224 ms. Found 7 JPA repository interfaces.
2025-06-04T01:38:30.395+09:00  INFO 22872 --- [restartedMain] o.s.b.w.embedded.tomcat.TomcatWebServer  : Tomcat initialized with port 8080 (http)
2025-06-04T01:38:30.442+09:00  INFO 22872 --- [restartedMain] o.apache.catalina.core.StandardService   : Starting service [Tomcat]
2025-06-04T01:38:30.443+09:00  INFO 22872 --- [restartedMain] o.apache.catalina.core.StandardEngine    : Starting Servlet engine: [Apache Tomcat/10.1.40]
2025-06-04T01:38:30.617+09:00  INFO 22872 --- [restartedMain] o.a.c.c.C.[Tomcat].[localhost].[/]       : Initializing Spring embedded WebApplicationContext
2025-06-04T01:38:30.620+09:00  INFO 22872 --- [restartedMain] w.s.c.ServletWebServerApplicationContext : Root WebApplicationContext: initialization completed in 7691 ms
2025-06-04T01:38:31.523+09:00  INFO 22872 --- [restartedMain] c.t.b.t.config.SecretsManagerConfig      : 🔐 AWS Secrets Manager에서 DB 정보를 가져오는 중... (Secret: tallybot-test-db)
2025-06-04T01:38:33.510+09:00 ERROR 22872 --- [restartedMain] c.t.b.t.config.SecretsManagerConfig      : ❌ AWS Secrets Manager에서 DB 정보 가져오기 실패: Unable to load credentials from any of the providers in the chain AwsCredentialsProviderChain(credentialsProviders=[SystemPropertyCredentialsProvider(), EnvironmentVariableCredentialsProvider(), WebIdentityTokenCredentialsProvider(), ProfileCredentialsProvider(profileName=default, profileFile=ProfileFile(profilesAndSectionsMap=[])), ContainerCredentialsProvider(), InstanceProfileCredentialsProvider()]) : [SystemPropertyCredentialsProvider(): Unable to load credentials from system settings. Access key must be specified either via environment variable (AWS_ACCESS_KEY_ID) or system property (aws.accessKeyId)., EnvironmentVariableCredentialsProvider(): Unable to load credentials from system settings. Access key must be specified either via environment variable (AWS_ACCESS_KEY_ID) or system property (aws.accessKeyId)., WebIdentityTokenCredentialsProvider(): Either the environment variable AWS_WEB_IDENTITY_TOKEN_FILE or the javaproperty aws.webIdentityTokenFile must be set., ProfileCredentialsProvider(profileName=default, profileFile=ProfileFile(profilesAndSectionsMap=[])): Profile file contained no credentials for profile 'default': ProfileFile(profilesAndSectionsMap=[]), ContainerCredentialsProvider(): Cannot fetch credentials from container - neither AWS_CONTAINER_CREDENTIALS_FULL_URI or AWS_CONTAINER_CREDENTIALS_RELATIVE_URI environment variables are set., InstanceProfileCredentialsProvider(): Failed to load credentials from IMDS.]
2025-06-04T01:38:33.516+09:00  WARN 22872 --- [restartedMain] ConfigServletWebServerApplicationContext : Exception encountered during context initialization - cancelling refresh attempt: org.springframework.beans.factory.BeanCreationException: Error creating bean with name 'entityManagerFactory' defined in class path resource [org/springframework/boot/autoconfigure/orm/jpa/HibernateJpaConfiguration.class]: Failed to initialize dependency 'dataSourceScriptDatabaseInitializer' of LoadTimeWeaverAware bean 'entityManagerFactory': Error creating bean with name 'dataSourceScriptDatabaseInitializer' defined in class path resource [org/springframework/boot/autoconfigure/sql/init/DataSourceInitializationConfiguration.class]: Unsatisfied dependency expressed through method 'dataSourceScriptDatabaseInitializer' parameter 0: Error creating bean with name 'dataSource' defined in class path resource [com/tallybot/backend/tallybot_back/config/SecretsManagerConfig.class]: Failed to instantiate [javax.sql.DataSource]: Factory method 'dataSource' threw exception with message: Failed to configure DataSource from AWS Secrets Manager
2025-06-04T01:38:33.524+09:00  INFO 22872 --- [restartedMain] o.apache.catalina.core.StandardService   : Stopping service [Tomcat]
2025-06-04T01:38:33.610+09:00  INFO 22872 --- [restartedMain] .s.b.a.l.ConditionEvaluationReportLogger : 

Error starting ApplicationContext. To display the condition evaluation report re-run your application with 'debug' enabled.
2025-06-04T01:38:33.671+09:00 ERROR 22872 --- [restartedMain] o.s.boot.SpringApplication               : Application run failed

org.springframework.beans.factory.BeanCreationException: Error creating bean with name 'entityManagerFactory' defined in class path resource [org/springframework/boot/autoconfigure/orm/jpa/HibernateJpaConfiguration.class]: Failed to initialize dependency 'dataSourceScriptDatabaseInitializer' of LoadTimeWeaverAware bean 'entityManagerFactory': Error creating bean with name 'dataSourceScriptDatabaseInitializer' defined in class path resource [org/springframework/boot/autoconfigure/sql/init/DataSourceInitializationConfiguration.class]: Unsatisfied dependency expressed through method 'dataSourceScriptDatabaseInitializer' parameter 0: Error creating bean with name 'dataSource' defined in class path resource [com/tallybot/backend/tallybot_back/config/SecretsManagerConfig.class]: Failed to instantiate [javax.sql.DataSource]: Factory method 'dataSource' threw exception with message: Failed to configure DataSource from AWS Secrets Manager
	at org.springframework.beans.factory.support.AbstractBeanFactory.doGetBean(AbstractBeanFactory.java:328) ~[spring-beans-6.2.6.jar:6.2.6]
	at org.springframework.beans.factory.support.AbstractBeanFactory.getBean(AbstractBeanFactory.java:207) ~[spring-beans-6.2.6.jar:6.2.6]
	at org.springframework.context.support.AbstractApplicationContext.finishBeanFactoryInitialization(AbstractApplicationContext.java:970) ~[spring-context-6.2.6.jar:6.2.6]
	at org.springframework.context.support.AbstractApplicationContext.refresh(AbstractApplicationContext.java:627) ~[spring-context-6.2.6.jar:6.2.6]
	at org.springframework.boot.web.servlet.context.ServletWebServerApplicationContext.refresh(ServletWebServerApplicationContext.java:146) ~[spring-boot-3.4.5.jar:3.4.5]
	at org.springframework.boot.SpringApplication.refresh(SpringApplication.java:753) ~[spring-boot-3.4.5.jar:3.4.5]
	at org.springframework.boot.SpringApplication.refreshContext(SpringApplication.java:439) ~[spring-boot-3.4.5.jar:3.4.5]
	at org.springframework.boot.SpringApplication.run(SpringApplication.java:318) ~[spring-boot-3.4.5.jar:3.4.5]
	at org.springframework.boot.SpringApplication.run(SpringApplication.java:1362) ~[spring-boot-3.4.5.jar:3.4.5]
	at org.springframework.boot.SpringApplication.run(SpringApplication.java:1351) ~[spring-boot-3.4.5.jar:3.4.5]
	at com.tallybot.backend.tallybot_back.TallybotBackApplication.main(TallybotBackApplication.java:10) ~[main/:na]
	at java.base/jdk.internal.reflect.NativeMethodAccessorImpl.invoke0(Native Method) ~[na:na]
	at java.base/jdk.internal.reflect.NativeMethodAccessorImpl.invoke(NativeMethodAccessorImpl.java:77) ~[na:na]
	at java.base/jdk.internal.reflect.DelegatingMethodAccessorImpl.invoke(DelegatingMethodAccessorImpl.java:43) ~[na:na]
	at java.base/java.lang.reflect.Method.invoke(Method.java:568) ~[na:na]
	at org.springframework.boot.devtools.restart.RestartLauncher.run(RestartLauncher.java:50) ~[spring-boot-devtools-3.4.5.jar:3.4.5]
Caused by: org.springframework.beans.factory.UnsatisfiedDependencyException: Error creating bean with name 'dataSourceScriptDatabaseInitializer' defined in class path resource [org/springframework/boot/autoconfigure/sql/init/DataSourceInitializationConfiguration.class]: Unsatisfied dependency expressed through method 'dataSourceScriptDatabaseInitializer' parameter 0: Error creating bean with name 'dataSource' defined in class path resource [com/tallybot/backend/tallybot_back/config/SecretsManagerConfig.class]: Failed to instantiate [javax.sql.DataSource]: Factory method 'dataSource' threw exception with message: Failed to configure DataSource from AWS Secrets Manager
	at org.springframework.beans.factory.support.ConstructorResolver.createArgumentArray(ConstructorResolver.java:804) ~[spring-beans-6.2.6.jar:6.2.6]
	at org.springframework.beans.factory.support.ConstructorResolver.instantiateUsingFactoryMethod(ConstructorResolver.java:546) ~[spring-beans-6.2.6.jar:6.2.6]
	at org.springframework.beans.factory.support.AbstractAutowireCapableBeanFactory.instantiateUsingFactoryMethod(AbstractAutowireCapableBeanFactory.java:1367) ~[spring-beans-6.2.6.jar:6.2.6]
	at org.springframework.beans.factory.support.AbstractAutowireCapableBeanFactory.createBeanInstance(AbstractAutowireCapableBeanFactory.java:1197) ~[spring-beans-6.2.6.jar:6.2.6]
	at org.springframework.beans.factory.support.AbstractAutowireCapableBeanFactory.doCreateBean(AbstractAutowireCapableBeanFactory.java:569) ~[spring-beans-6.2.6.jar:6.2.6]
	at org.springframework.beans.factory.support.AbstractAutowireCapableBeanFactory.createBean(AbstractAutowireCapableBeanFactory.java:529) ~[spring-beans-6.2.6.jar:6.2.6]
	at org.springframework.beans.factory.support.AbstractBeanFactory.lambda$doGetBean$0(AbstractBeanFactory.java:339) ~[spring-beans-6.2.6.jar:6.2.6]
	at org.springframework.beans.factory.support.DefaultSingletonBeanRegistry.getSingleton(DefaultSingletonBeanRegistry.java:371) ~[spring-beans-6.2.6.jar:6.2.6]
	at org.springframework.beans.factory.support.AbstractBeanFactory.doGetBean(AbstractBeanFactory.java:337) ~[spring-beans-6.2.6.jar:6.2.6]
	at org.springframework.beans.factory.support.AbstractBeanFactory.getBean(AbstractBeanFactory.java:202) ~[spring-beans-6.2.6.jar:6.2.6]
	at org.springframework.beans.factory.support.AbstractBeanFactory.doGetBean(AbstractBeanFactory.java:315) ~[spring-beans-6.2.6.jar:6.2.6]
	... 15 common frames omitted
Caused by: org.springframework.beans.factory.BeanCreationException: Error creating bean with name 'dataSource' defined in class path resource [com/tallybot/backend/tallybot_back/config/SecretsManagerConfig.class]: Failed to instantiate [javax.sql.DataSource]: Factory method 'dataSource' threw exception with message: Failed to configure DataSource from AWS Secrets Manager
	at org.springframework.beans.factory.support.ConstructorResolver.instantiate(ConstructorResolver.java:657) ~[spring-beans-6.2.6.jar:6.2.6]
	at org.springframework.beans.factory.support.ConstructorResolver.instantiateUsingFactoryMethod(ConstructorResolver.java:489) ~[spring-beans-6.2.6.jar:6.2.6]
	at org.springframework.beans.factory.support.AbstractAutowireCapableBeanFactory.instantiateUsingFactoryMethod(AbstractAutowireCapableBeanFactory.java:1367) ~[spring-beans-6.2.6.jar:6.2.6]
	at org.springframework.beans.factory.support.AbstractAutowireCapableBeanFactory.createBeanInstance(AbstractAutowireCapableBeanFactory.java:1197) ~[spring-beans-6.2.6.jar:6.2.6]
	at org.springframework.beans.factory.support.AbstractAutowireCapableBeanFactory.doCreateBean(AbstractAutowireCapableBeanFactory.java:569) ~[spring-beans-6.2.6.jar:6.2.6]
	at org.springframework.beans.factory.support.AbstractAutowireCapableBeanFactory.createBean(AbstractAutowireCapableBeanFactory.java:529) ~[spring-beans-6.2.6.jar:6.2.6]
	at org.springframework.beans.factory.support.AbstractBeanFactory.lambda$doGetBean$0(AbstractBeanFactory.java:339) ~[spring-beans-6.2.6.jar:6.2.6]
	at org.springframework.beans.factory.support.DefaultSingletonBeanRegistry.getSingleton(DefaultSingletonBeanRegistry.java:371) ~[spring-beans-6.2.6.jar:6.2.6]
	at org.springframework.beans.factory.support.AbstractBeanFactory.doGetBean(AbstractBeanFactory.java:337) ~[spring-beans-6.2.6.jar:6.2.6]
	at org.springframework.beans.factory.support.AbstractBeanFactory.getBean(AbstractBeanFactory.java:202) ~[spring-beans-6.2.6.jar:6.2.6]
	at org.springframework.beans.factory.support.DefaultListableBeanFactory.doResolveDependency(DefaultListableBeanFactory.java:1681) ~[spring-beans-6.2.6.jar:6.2.6]
	at org.springframework.beans.factory.support.DefaultListableBeanFactory.resolveDependency(DefaultListableBeanFactory.java:1627) ~[spring-beans-6.2.6.jar:6.2.6]
	at org.springframework.beans.factory.support.ConstructorResolver.resolveAutowiredArgument(ConstructorResolver.java:913) ~[spring-beans-6.2.6.jar:6.2.6]
	at org.springframework.beans.factory.support.ConstructorResolver.createArgumentArray(ConstructorResolver.java:791) ~[spring-beans-6.2.6.jar:6.2.6]
	... 25 common frames omitted
Caused by: org.springframework.beans.BeanInstantiationException: Failed to instantiate [javax.sql.DataSource]: Factory method 'dataSource' threw exception with message: Failed to configure DataSource from AWS Secrets Manager
	at org.springframework.beans.factory.support.SimpleInstantiationStrategy.lambda$instantiate$0(SimpleInstantiationStrategy.java:199) ~[spring-beans-6.2.6.jar:6.2.6]
	at org.springframework.beans.factory.support.SimpleInstantiationStrategy.instantiateWithFactoryMethod(SimpleInstantiationStrategy.java:88) ~[spring-beans-6.2.6.jar:6.2.6]
	at org.springframework.beans.factory.support.SimpleInstantiationStrategy.instantiate(SimpleInstantiationStrategy.java:168) ~[spring-beans-6.2.6.jar:6.2.6]
	at org.springframework.beans.factory.support.ConstructorResolver.instantiate(ConstructorResolver.java:653) ~[spring-beans-6.2.6.jar:6.2.6]
	... 38 common frames omitted
Caused by: java.lang.RuntimeException: Failed to configure DataSource from AWS Secrets Manager
	at com.tallybot.backend.tallybot_back.config.SecretsManagerConfig.dataSource(SecretsManagerConfig.java:80) ~[main/:na]
	at com.tallybot.backend.tallybot_back.config.SecretsManagerConfig$$SpringCGLIB$$0.CGLIB$dataSource$0(<generated>) ~[main/:na]
	at com.tallybot.backend.tallybot_back.config.SecretsManagerConfig$$SpringCGLIB$$FastClass$$1.invoke(<generated>) ~[main/:na]
	at org.springframework.cglib.proxy.MethodProxy.invokeSuper(MethodProxy.java:258) ~[spring-core-6.2.6.jar:6.2.6]
	at org.springframework.context.annotation.ConfigurationClassEnhancer$BeanMethodInterceptor.intercept(ConfigurationClassEnhancer.java:393) ~[spring-context-6.2.6.jar:6.2.6]
	at com.tallybot.backend.tallybot_back.config.SecretsManagerConfig$$SpringCGLIB$$0.dataSource(<generated>) ~[main/:na]
	at java.base/jdk.internal.reflect.NativeMethodAccessorImpl.invoke0(Native Method) ~[na:na]
	at java.base/jdk.internal.reflect.NativeMethodAccessorImpl.invoke(NativeMethodAccessorImpl.java:77) ~[na:na]
	at java.base/jdk.internal.reflect.DelegatingMethodAccessorImpl.invoke(DelegatingMethodAccessorImpl.java:43) ~[na:na]
	at java.base/java.lang.reflect.Method.invoke(Method.java:568) ~[na:na]
	at org.springframework.beans.factory.support.SimpleInstantiationStrategy.lambda$instantiate$0(SimpleInstantiationStrategy.java:171) ~[spring-beans-6.2.6.jar:6.2.6]
	... 41 common frames omitted
Caused by: software.amazon.awssdk.core.exception.SdkClientException: Unable to load credentials from any of the providers in the chain AwsCredentialsProviderChain(credentialsProviders=[SystemPropertyCredentialsProvider(), EnvironmentVariableCredentialsProvider(), WebIdentityTokenCredentialsProvider(), ProfileCredentialsProvider(profileName=default, profileFile=ProfileFile(profilesAndSectionsMap=[])), ContainerCredentialsProvider(), InstanceProfileCredentialsProvider()]) : [SystemPropertyCredentialsProvider(): Unable to load credentials from system settings. Access key must be specified either via environment variable (AWS_ACCESS_KEY_ID) or system property (aws.accessKeyId)., EnvironmentVariableCredentialsProvider(): Unable to load credentials from system settings. Access key must be specified either via environment variable (AWS_ACCESS_KEY_ID) or system property (aws.accessKeyId)., WebIdentityTokenCredentialsProvider(): Either the environment variable AWS_WEB_IDENTITY_TOKEN_FILE or the javaproperty aws.webIdentityTokenFile must be set., ProfileCredentialsProvider(profileName=default, profileFile=ProfileFile(profilesAndSectionsMap=[])): Profile file contained no credentials for profile 'default': ProfileFile(profilesAndSectionsMap=[]), ContainerCredentialsProvider(): Cannot fetch credentials from container - neither AWS_CONTAINER_CREDENTIALS_FULL_URI or AWS_CONTAINER_CREDENTIALS_RELATIVE_URI environment variables are set., InstanceProfileCredentialsProvider(): Failed to load credentials from IMDS.]
	at software.amazon.awssdk.core.exception.SdkClientException$BuilderImpl.build(SdkClientException.java:111) ~[sdk-core-2.20.26.jar:na]
	at software.amazon.awssdk.auth.credentials.AwsCredentialsProviderChain.resolveCredentials(AwsCredentialsProviderChain.java:117) ~[auth-2.20.26.jar:na]
	at software.amazon.awssdk.auth.credentials.internal.LazyAwsCredentialsProvider.resolveCredentials(LazyAwsCredentialsProvider.java:45) ~[auth-2.20.26.jar:na]
	at software.amazon.awssdk.auth.credentials.DefaultCredentialsProvider.resolveCredentials(DefaultCredentialsProvider.java:126) ~[auth-2.20.26.jar:na]
	at software.amazon.awssdk.core.internal.util.MetricUtils.measureDuration(MetricUtils.java:50) ~[sdk-core-2.20.26.jar:na]
	at software.amazon.awssdk.awscore.internal.authcontext.AwsCredentialsAuthorizationStrategy.resolveCredentials(AwsCredentialsAuthorizationStrategy.java:100) ~[aws-core-2.20.26.jar:na]
	at software.amazon.awssdk.awscore.internal.authcontext.AwsCredentialsAuthorizationStrategy.addCredentialsToExecutionAttributes(AwsCredentialsAuthorizationStrategy.java:77) ~[aws-core-2.20.26.jar:na]
	at software.amazon.awssdk.awscore.internal.AwsExecutionContextBuilder.invokeInterceptorsAndCreateExecutionContext(AwsExecutionContextBuilder.java:123) ~[aws-core-2.20.26.jar:na]
	at software.amazon.awssdk.awscore.client.handler.AwsSyncClientHandler.invokeInterceptorsAndCreateExecutionContext(AwsSyncClientHandler.java:69) ~[aws-core-2.20.26.jar:na]
	at software.amazon.awssdk.core.internal.handler.BaseSyncClientHandler.lambda$execute$1(BaseSyncClientHandler.java:78) ~[sdk-core-2.20.26.jar:na]
	at software.amazon.awssdk.core.internal.handler.BaseSyncClientHandler.measureApiCallSuccess(BaseSyncClientHandler.java:179) ~[sdk-core-2.20.26.jar:na]
	at software.amazon.awssdk.core.internal.handler.BaseSyncClientHandler.execute(BaseSyncClientHandler.java:76) ~[sdk-core-2.20.26.jar:na]
	at software.amazon.awssdk.core.client.handler.SdkSyncClientHandler.execute(SdkSyncClientHandler.java:45) ~[sdk-core-2.20.26.jar:na]
	at software.amazon.awssdk.awscore.client.handler.AwsSyncClientHandler.execute(AwsSyncClientHandler.java:56) ~[aws-core-2.20.26.jar:na]
	at software.amazon.awssdk.services.secretsmanager.DefaultSecretsManagerClient.getSecretValue(DefaultSecretsManagerClient.java:978) ~[secretsmanager-2.20.26.jar:na]
	at com.tallybot.backend.tallybot_back.config.SecretsManagerConfig.dataSource(SecretsManagerConfig.java:44) ~[main/:na]
	... 51 common frames omitted

2025-06-04T01:50:24.178+09:00  INFO 15572 --- [restartedMain] c.t.b.t.TallybotBackApplication          : Starting TallybotBackApplication using Java 17.0.12 with PID 15572 (C:\Users\jhy69\tally-bot\api-backend\tallybot_back\build\classes\java\main started by jhy in C:\Users\jhy69\tally-bot\api-backend\tallybot_back)
2025-06-04T01:50:24.181+09:00 DEBUG 15572 --- [restartedMain] c.t.b.t.TallybotBackApplication          : Running with Spring Boot v3.4.5, Spring v6.2.6
2025-06-04T01:50:24.182+09:00  INFO 15572 --- [restartedMain] c.t.b.t.TallybotBackApplication          : The following 1 profile is active: "rds"
2025-06-04T01:50:24.250+09:00  INFO 15572 --- [restartedMain] .e.DevToolsPropertyDefaultsPostProcessor : Devtools property defaults active! Set 'spring.devtools.add-properties' to 'false' to disable
2025-06-04T01:50:24.251+09:00  INFO 15572 --- [restartedMain] .e.DevToolsPropertyDefaultsPostProcessor : For additional web related logging consider setting the 'logging.level.web' property to 'DEBUG'
2025-06-04T01:50:25.820+09:00  INFO 15572 --- [restartedMain] .s.d.r.c.RepositoryConfigurationDelegate : Bootstrapping Spring Data JPA repositories in DEFAULT mode.
2025-06-04T01:50:25.920+09:00  INFO 15572 --- [restartedMain] .s.d.r.c.RepositoryConfigurationDelegate : Finished Spring Data repository scanning in 87 ms. Found 7 JPA repository interfaces.
2025-06-04T01:50:27.021+09:00  INFO 15572 --- [restartedMain] o.s.b.w.embedded.tomcat.TomcatWebServer  : Tomcat initialized with port 8080 (http)
2025-06-04T01:50:27.039+09:00  INFO 15572 --- [restartedMain] o.apache.catalina.core.StandardService   : Starting service [Tomcat]
2025-06-04T01:50:27.039+09:00  INFO 15572 --- [restartedMain] o.apache.catalina.core.StandardEngine    : Starting Servlet engine: [Apache Tomcat/10.1.40]
2025-06-04T01:50:27.102+09:00  INFO 15572 --- [restartedMain] o.a.c.c.C.[Tomcat].[localhost].[/]       : Initializing Spring embedded WebApplicationContext
2025-06-04T01:50:27.104+09:00  INFO 15572 --- [restartedMain] w.s.c.ServletWebServerApplicationContext : Root WebApplicationContext: initialization completed in 2853 ms
2025-06-04T01:50:27.393+09:00  INFO 15572 --- [restartedMain] c.t.b.t.config.SecretsManagerConfig      : 🔐 AWS Secrets Manager에서 DB 정보를 가져오는 중... (Secret: tallybot-test-db)
2025-06-04T01:50:28.103+09:00 ERROR 15572 --- [restartedMain] c.t.b.t.config.SecretsManagerConfig      : ❌ AWS Secrets Manager에서 DB 정보 가져오기 실패: Unable to load credentials from any of the providers in the chain AwsCredentialsProviderChain(credentialsProviders=[SystemPropertyCredentialsProvider(), EnvironmentVariableCredentialsProvider(), WebIdentityTokenCredentialsProvider(), ProfileCredentialsProvider(profileName=default, profileFile=ProfileFile(profilesAndSectionsMap=[])), ContainerCredentialsProvider(), InstanceProfileCredentialsProvider()]) : [SystemPropertyCredentialsProvider(): Unable to load credentials from system settings. Access key must be specified either via environment variable (AWS_ACCESS_KEY_ID) or system property (aws.accessKeyId)., EnvironmentVariableCredentialsProvider(): Unable to load credentials from system settings. Access key must be specified either via environment variable (AWS_ACCESS_KEY_ID) or system property (aws.accessKeyId)., WebIdentityTokenCredentialsProvider(): Either the environment variable AWS_WEB_IDENTITY_TOKEN_FILE or the javaproperty aws.webIdentityTokenFile must be set., ProfileCredentialsProvider(profileName=default, profileFile=ProfileFile(profilesAndSectionsMap=[])): Profile file contained no credentials for profile 'default': ProfileFile(profilesAndSectionsMap=[]), ContainerCredentialsProvider(): Cannot fetch credentials from container - neither AWS_CONTAINER_CREDENTIALS_FULL_URI or AWS_CONTAINER_CREDENTIALS_RELATIVE_URI environment variables are set., InstanceProfileCredentialsProvider(): Failed to load credentials from IMDS.]
2025-06-04T01:50:28.105+09:00  WARN 15572 --- [restartedMain] ConfigServletWebServerApplicationContext : Exception encountered during context initialization - cancelling refresh attempt: org.springframework.beans.factory.BeanCreationException: Error creating bean with name 'entityManagerFactory' defined in class path resource [org/springframework/boot/autoconfigure/orm/jpa/HibernateJpaConfiguration.class]: Failed to initialize dependency 'dataSourceScriptDatabaseInitializer' of LoadTimeWeaverAware bean 'entityManagerFactory': Error creating bean with name 'dataSourceScriptDatabaseInitializer' defined in class path resource [org/springframework/boot/autoconfigure/sql/init/DataSourceInitializationConfiguration.class]: Unsatisfied dependency expressed through method 'dataSourceScriptDatabaseInitializer' parameter 0: Error creating bean with name 'dataSource' defined in class path resource [com/tallybot/backend/tallybot_back/config/SecretsManagerConfig.class]: Failed to instantiate [javax.sql.DataSource]: Factory method 'dataSource' threw exception with message: Failed to configure DataSource from AWS Secrets Manager
2025-06-04T01:50:28.109+09:00  INFO 15572 --- [restartedMain] o.apache.catalina.core.StandardService   : Stopping service [Tomcat]
2025-06-04T01:50:28.151+09:00  INFO 15572 --- [restartedMain] .s.b.a.l.ConditionEvaluationReportLogger : 

Error starting ApplicationContext. To display the condition evaluation report re-run your application with 'debug' enabled.
2025-06-04T01:50:28.190+09:00 ERROR 15572 --- [restartedMain] o.s.boot.SpringApplication               : Application run failed

org.springframework.beans.factory.BeanCreationException: Error creating bean with name 'entityManagerFactory' defined in class path resource [org/springframework/boot/autoconfigure/orm/jpa/HibernateJpaConfiguration.class]: Failed to initialize dependency 'dataSourceScriptDatabaseInitializer' of LoadTimeWeaverAware bean 'entityManagerFactory': Error creating bean with name 'dataSourceScriptDatabaseInitializer' defined in class path resource [org/springframework/boot/autoconfigure/sql/init/DataSourceInitializationConfiguration.class]: Unsatisfied dependency expressed through method 'dataSourceScriptDatabaseInitializer' parameter 0: Error creating bean with name 'dataSource' defined in class path resource [com/tallybot/backend/tallybot_back/config/SecretsManagerConfig.class]: Failed to instantiate [javax.sql.DataSource]: Factory method 'dataSource' threw exception with message: Failed to configure DataSource from AWS Secrets Manager
	at org.springframework.beans.factory.support.AbstractBeanFactory.doGetBean(AbstractBeanFactory.java:328) ~[spring-beans-6.2.6.jar:6.2.6]
	at org.springframework.beans.factory.support.AbstractBeanFactory.getBean(AbstractBeanFactory.java:207) ~[spring-beans-6.2.6.jar:6.2.6]
	at org.springframework.context.support.AbstractApplicationContext.finishBeanFactoryInitialization(AbstractApplicationContext.java:970) ~[spring-context-6.2.6.jar:6.2.6]
	at org.springframework.context.support.AbstractApplicationContext.refresh(AbstractApplicationContext.java:627) ~[spring-context-6.2.6.jar:6.2.6]
	at org.springframework.boot.web.servlet.context.ServletWebServerApplicationContext.refresh(ServletWebServerApplicationContext.java:146) ~[spring-boot-3.4.5.jar:3.4.5]
	at org.springframework.boot.SpringApplication.refresh(SpringApplication.java:753) ~[spring-boot-3.4.5.jar:3.4.5]
	at org.springframework.boot.SpringApplication.refreshContext(SpringApplication.java:439) ~[spring-boot-3.4.5.jar:3.4.5]
	at org.springframework.boot.SpringApplication.run(SpringApplication.java:318) ~[spring-boot-3.4.5.jar:3.4.5]
	at org.springframework.boot.SpringApplication.run(SpringApplication.java:1362) ~[spring-boot-3.4.5.jar:3.4.5]
	at org.springframework.boot.SpringApplication.run(SpringApplication.java:1351) ~[spring-boot-3.4.5.jar:3.4.5]
	at com.tallybot.backend.tallybot_back.TallybotBackApplication.main(TallybotBackApplication.java:10) ~[main/:na]
	at java.base/jdk.internal.reflect.NativeMethodAccessorImpl.invoke0(Native Method) ~[na:na]
	at java.base/jdk.internal.reflect.NativeMethodAccessorImpl.invoke(NativeMethodAccessorImpl.java:77) ~[na:na]
	at java.base/jdk.internal.reflect.DelegatingMethodAccessorImpl.invoke(DelegatingMethodAccessorImpl.java:43) ~[na:na]
	at java.base/java.lang.reflect.Method.invoke(Method.java:568) ~[na:na]
	at org.springframework.boot.devtools.restart.RestartLauncher.run(RestartLauncher.java:50) ~[spring-boot-devtools-3.4.5.jar:3.4.5]
Caused by: org.springframework.beans.factory.UnsatisfiedDependencyException: Error creating bean with name 'dataSourceScriptDatabaseInitializer' defined in class path resource [org/springframework/boot/autoconfigure/sql/init/DataSourceInitializationConfiguration.class]: Unsatisfied dependency expressed through method 'dataSourceScriptDatabaseInitializer' parameter 0: Error creating bean with name 'dataSource' defined in class path resource [com/tallybot/backend/tallybot_back/config/SecretsManagerConfig.class]: Failed to instantiate [javax.sql.DataSource]: Factory method 'dataSource' threw exception with message: Failed to configure DataSource from AWS Secrets Manager
	at org.springframework.beans.factory.support.ConstructorResolver.createArgumentArray(ConstructorResolver.java:804) ~[spring-beans-6.2.6.jar:6.2.6]
	at org.springframework.beans.factory.support.ConstructorResolver.instantiateUsingFactoryMethod(ConstructorResolver.java:546) ~[spring-beans-6.2.6.jar:6.2.6]
	at org.springframework.beans.factory.support.AbstractAutowireCapableBeanFactory.instantiateUsingFactoryMethod(AbstractAutowireCapableBeanFactory.java:1367) ~[spring-beans-6.2.6.jar:6.2.6]
	at org.springframework.beans.factory.support.AbstractAutowireCapableBeanFactory.createBeanInstance(AbstractAutowireCapableBeanFactory.java:1197) ~[spring-beans-6.2.6.jar:6.2.6]
	at org.springframework.beans.factory.support.AbstractAutowireCapableBeanFactory.doCreateBean(AbstractAutowireCapableBeanFactory.java:569) ~[spring-beans-6.2.6.jar:6.2.6]
	at org.springframework.beans.factory.support.AbstractAutowireCapableBeanFactory.createBean(AbstractAutowireCapableBeanFactory.java:529) ~[spring-beans-6.2.6.jar:6.2.6]
	at org.springframework.beans.factory.support.AbstractBeanFactory.lambda$doGetBean$0(AbstractBeanFactory.java:339) ~[spring-beans-6.2.6.jar:6.2.6]
	at org.springframework.beans.factory.support.DefaultSingletonBeanRegistry.getSingleton(DefaultSingletonBeanRegistry.java:371) ~[spring-beans-6.2.6.jar:6.2.6]
	at org.springframework.beans.factory.support.AbstractBeanFactory.doGetBean(AbstractBeanFactory.java:337) ~[spring-beans-6.2.6.jar:6.2.6]
	at org.springframework.beans.factory.support.AbstractBeanFactory.getBean(AbstractBeanFactory.java:202) ~[spring-beans-6.2.6.jar:6.2.6]
	at org.springframework.beans.factory.support.AbstractBeanFactory.doGetBean(AbstractBeanFactory.java:315) ~[spring-beans-6.2.6.jar:6.2.6]
	... 15 common frames omitted
Caused by: org.springframework.beans.factory.BeanCreationException: Error creating bean with name 'dataSource' defined in class path resource [com/tallybot/backend/tallybot_back/config/SecretsManagerConfig.class]: Failed to instantiate [javax.sql.DataSource]: Factory method 'dataSource' threw exception with message: Failed to configure DataSource from AWS Secrets Manager
	at org.springframework.beans.factory.support.ConstructorResolver.instantiate(ConstructorResolver.java:657) ~[spring-beans-6.2.6.jar:6.2.6]
	at org.springframework.beans.factory.support.ConstructorResolver.instantiateUsingFactoryMethod(ConstructorResolver.java:489) ~[spring-beans-6.2.6.jar:6.2.6]
	at org.springframework.beans.factory.support.AbstractAutowireCapableBeanFactory.instantiateUsingFactoryMethod(AbstractAutowireCapableBeanFactory.java:1367) ~[spring-beans-6.2.6.jar:6.2.6]
	at org.springframework.beans.factory.support.AbstractAutowireCapableBeanFactory.createBeanInstance(AbstractAutowireCapableBeanFactory.java:1197) ~[spring-beans-6.2.6.jar:6.2.6]
	at org.springframework.beans.factory.support.AbstractAutowireCapableBeanFactory.doCreateBean(AbstractAutowireCapableBeanFactory.java:569) ~[spring-beans-6.2.6.jar:6.2.6]
	at org.springframework.beans.factory.support.AbstractAutowireCapableBeanFactory.createBean(AbstractAutowireCapableBeanFactory.java:529) ~[spring-beans-6.2.6.jar:6.2.6]
	at org.springframework.beans.factory.support.AbstractBeanFactory.lambda$doGetBean$0(AbstractBeanFactory.java:339) ~[spring-beans-6.2.6.jar:6.2.6]
	at org.springframework.beans.factory.support.DefaultSingletonBeanRegistry.getSingleton(DefaultSingletonBeanRegistry.java:371) ~[spring-beans-6.2.6.jar:6.2.6]
	at org.springframework.beans.factory.support.AbstractBeanFactory.doGetBean(AbstractBeanFactory.java:337) ~[spring-beans-6.2.6.jar:6.2.6]
	at org.springframework.beans.factory.support.AbstractBeanFactory.getBean(AbstractBeanFactory.java:202) ~[spring-beans-6.2.6.jar:6.2.6]
	at org.springframework.beans.factory.support.DefaultListableBeanFactory.doResolveDependency(DefaultListableBeanFactory.java:1681) ~[spring-beans-6.2.6.jar:6.2.6]
	at org.springframework.beans.factory.support.DefaultListableBeanFactory.resolveDependency(DefaultListableBeanFactory.java:1627) ~[spring-beans-6.2.6.jar:6.2.6]
	at org.springframework.beans.factory.support.ConstructorResolver.resolveAutowiredArgument(ConstructorResolver.java:913) ~[spring-beans-6.2.6.jar:6.2.6]
	at org.springframework.beans.factory.support.ConstructorResolver.createArgumentArray(ConstructorResolver.java:791) ~[spring-beans-6.2.6.jar:6.2.6]
	... 25 common frames omitted
Caused by: org.springframework.beans.BeanInstantiationException: Failed to instantiate [javax.sql.DataSource]: Factory method 'dataSource' threw exception with message: Failed to configure DataSource from AWS Secrets Manager
	at org.springframework.beans.factory.support.SimpleInstantiationStrategy.lambda$instantiate$0(SimpleInstantiationStrategy.java:199) ~[spring-beans-6.2.6.jar:6.2.6]
	at org.springframework.beans.factory.support.SimpleInstantiationStrategy.instantiateWithFactoryMethod(SimpleInstantiationStrategy.java:88) ~[spring-beans-6.2.6.jar:6.2.6]
	at org.springframework.beans.factory.support.SimpleInstantiationStrategy.instantiate(SimpleInstantiationStrategy.java:168) ~[spring-beans-6.2.6.jar:6.2.6]
	at org.springframework.beans.factory.support.ConstructorResolver.instantiate(ConstructorResolver.java:653) ~[spring-beans-6.2.6.jar:6.2.6]
	... 38 common frames omitted
Caused by: java.lang.RuntimeException: Failed to configure DataSource from AWS Secrets Manager
	at com.tallybot.backend.tallybot_back.config.SecretsManagerConfig.dataSource(SecretsManagerConfig.java:80) ~[main/:na]
	at com.tallybot.backend.tallybot_back.config.SecretsManagerConfig$$SpringCGLIB$$0.CGLIB$dataSource$0(<generated>) ~[main/:na]
	at com.tallybot.backend.tallybot_back.config.SecretsManagerConfig$$SpringCGLIB$$FastClass$$1.invoke(<generated>) ~[main/:na]
	at org.springframework.cglib.proxy.MethodProxy.invokeSuper(MethodProxy.java:258) ~[spring-core-6.2.6.jar:6.2.6]
	at org.springframework.context.annotation.ConfigurationClassEnhancer$BeanMethodInterceptor.intercept(ConfigurationClassEnhancer.java:393) ~[spring-context-6.2.6.jar:6.2.6]
	at com.tallybot.backend.tallybot_back.config.SecretsManagerConfig$$SpringCGLIB$$0.dataSource(<generated>) ~[main/:na]
	at java.base/jdk.internal.reflect.NativeMethodAccessorImpl.invoke0(Native Method) ~[na:na]
	at java.base/jdk.internal.reflect.NativeMethodAccessorImpl.invoke(NativeMethodAccessorImpl.java:77) ~[na:na]
	at java.base/jdk.internal.reflect.DelegatingMethodAccessorImpl.invoke(DelegatingMethodAccessorImpl.java:43) ~[na:na]
	at java.base/java.lang.reflect.Method.invoke(Method.java:568) ~[na:na]
	at org.springframework.beans.factory.support.SimpleInstantiationStrategy.lambda$instantiate$0(SimpleInstantiationStrategy.java:171) ~[spring-beans-6.2.6.jar:6.2.6]
	... 41 common frames omitted
Caused by: software.amazon.awssdk.core.exception.SdkClientException: Unable to load credentials from any of the providers in the chain AwsCredentialsProviderChain(credentialsProviders=[SystemPropertyCredentialsProvider(), EnvironmentVariableCredentialsProvider(), WebIdentityTokenCredentialsProvider(), ProfileCredentialsProvider(profileName=default, profileFile=ProfileFile(profilesAndSectionsMap=[])), ContainerCredentialsProvider(), InstanceProfileCredentialsProvider()]) : [SystemPropertyCredentialsProvider(): Unable to load credentials from system settings. Access key must be specified either via environment variable (AWS_ACCESS_KEY_ID) or system property (aws.accessKeyId)., EnvironmentVariableCredentialsProvider(): Unable to load credentials from system settings. Access key must be specified either via environment variable (AWS_ACCESS_KEY_ID) or system property (aws.accessKeyId)., WebIdentityTokenCredentialsProvider(): Either the environment variable AWS_WEB_IDENTITY_TOKEN_FILE or the javaproperty aws.webIdentityTokenFile must be set., ProfileCredentialsProvider(profileName=default, profileFile=ProfileFile(profilesAndSectionsMap=[])): Profile file contained no credentials for profile 'default': ProfileFile(profilesAndSectionsMap=[]), ContainerCredentialsProvider(): Cannot fetch credentials from container - neither AWS_CONTAINER_CREDENTIALS_FULL_URI or AWS_CONTAINER_CREDENTIALS_RELATIVE_URI environment variables are set., InstanceProfileCredentialsProvider(): Failed to load credentials from IMDS.]
	at software.amazon.awssdk.core.exception.SdkClientException$BuilderImpl.build(SdkClientException.java:111) ~[sdk-core-2.20.26.jar:na]
	at software.amazon.awssdk.auth.credentials.AwsCredentialsProviderChain.resolveCredentials(AwsCredentialsProviderChain.java:117) ~[auth-2.20.26.jar:na]
	at software.amazon.awssdk.auth.credentials.internal.LazyAwsCredentialsProvider.resolveCredentials(LazyAwsCredentialsProvider.java:45) ~[auth-2.20.26.jar:na]
	at software.amazon.awssdk.auth.credentials.DefaultCredentialsProvider.resolveCredentials(DefaultCredentialsProvider.java:126) ~[auth-2.20.26.jar:na]
	at software.amazon.awssdk.core.internal.util.MetricUtils.measureDuration(MetricUtils.java:50) ~[sdk-core-2.20.26.jar:na]
	at software.amazon.awssdk.awscore.internal.authcontext.AwsCredentialsAuthorizationStrategy.resolveCredentials(AwsCredentialsAuthorizationStrategy.java:100) ~[aws-core-2.20.26.jar:na]
	at software.amazon.awssdk.awscore.internal.authcontext.AwsCredentialsAuthorizationStrategy.addCredentialsToExecutionAttributes(AwsCredentialsAuthorizationStrategy.java:77) ~[aws-core-2.20.26.jar:na]
	at software.amazon.awssdk.awscore.internal.AwsExecutionContextBuilder.invokeInterceptorsAndCreateExecutionContext(AwsExecutionContextBuilder.java:123) ~[aws-core-2.20.26.jar:na]
	at software.amazon.awssdk.awscore.client.handler.AwsSyncClientHandler.invokeInterceptorsAndCreateExecutionContext(AwsSyncClientHandler.java:69) ~[aws-core-2.20.26.jar:na]
	at software.amazon.awssdk.core.internal.handler.BaseSyncClientHandler.lambda$execute$1(BaseSyncClientHandler.java:78) ~[sdk-core-2.20.26.jar:na]
	at software.amazon.awssdk.core.internal.handler.BaseSyncClientHandler.measureApiCallSuccess(BaseSyncClientHandler.java:179) ~[sdk-core-2.20.26.jar:na]
	at software.amazon.awssdk.core.internal.handler.BaseSyncClientHandler.execute(BaseSyncClientHandler.java:76) ~[sdk-core-2.20.26.jar:na]
	at software.amazon.awssdk.core.client.handler.SdkSyncClientHandler.execute(SdkSyncClientHandler.java:45) ~[sdk-core-2.20.26.jar:na]
	at software.amazon.awssdk.awscore.client.handler.AwsSyncClientHandler.execute(AwsSyncClientHandler.java:56) ~[aws-core-2.20.26.jar:na]
	at software.amazon.awssdk.services.secretsmanager.DefaultSecretsManagerClient.getSecretValue(DefaultSecretsManagerClient.java:978) ~[secretsmanager-2.20.26.jar:na]
	at com.tallybot.backend.tallybot_back.config.SecretsManagerConfig.dataSource(SecretsManagerConfig.java:44) ~[main/:na]
	... 51 common frames omitted

2025-06-04T03:00:10.187+09:00  INFO 27028 --- [restartedMain] c.t.b.t.TallybotBackApplication          : Starting TallybotBackApplication using Java 17.0.12 with PID 27028 (C:\Users\jhy69\tally-bot\api-backend\tallybot_back\build\classes\java\main started by jhy in C:\Users\jhy69\tally-bot\api-backend\tallybot_back)
2025-06-04T03:00:10.193+09:00 DEBUG 27028 --- [restartedMain] c.t.b.t.TallybotBackApplication          : Running with Spring Boot v3.4.5, Spring v6.2.6
2025-06-04T03:00:10.196+09:00  INFO 27028 --- [restartedMain] c.t.b.t.TallybotBackApplication          : The following 1 profile is active: "rds"
2025-06-04T03:00:10.337+09:00  INFO 27028 --- [restartedMain] .e.DevToolsPropertyDefaultsPostProcessor : Devtools property defaults active! Set 'spring.devtools.add-properties' to 'false' to disable
2025-06-04T03:00:10.339+09:00  INFO 27028 --- [restartedMain] .e.DevToolsPropertyDefaultsPostProcessor : For additional web related logging consider setting the 'logging.level.web' property to 'DEBUG'
2025-06-04T03:00:14.740+09:00  INFO 27028 --- [restartedMain] .s.d.r.c.RepositoryConfigurationDelegate : Bootstrapping Spring Data JPA repositories in DEFAULT mode.
2025-06-04T03:00:15.172+09:00  INFO 27028 --- [restartedMain] .s.d.r.c.RepositoryConfigurationDelegate : Finished Spring Data repository scanning in 395 ms. Found 7 JPA repository interfaces.
2025-06-04T03:00:25.887+09:00  INFO 27028 --- [restartedMain] o.s.b.w.embedded.tomcat.TomcatWebServer  : Tomcat initialized with port 8080 (http)
2025-06-04T03:00:25.953+09:00  INFO 27028 --- [restartedMain] o.apache.catalina.core.StandardService   : Starting service [Tomcat]
2025-06-04T03:00:25.958+09:00  INFO 27028 --- [restartedMain] o.apache.catalina.core.StandardEngine    : Starting Servlet engine: [Apache Tomcat/10.1.40]
2025-06-04T03:00:26.122+09:00  INFO 27028 --- [restartedMain] o.a.c.c.C.[Tomcat].[localhost].[/]       : Initializing Spring embedded WebApplicationContext
2025-06-04T03:00:26.123+09:00  INFO 27028 --- [restartedMain] w.s.c.ServletWebServerApplicationContext : Root WebApplicationContext: initialization completed in 15782 ms
2025-06-04T03:00:26.590+09:00  INFO 27028 --- [restartedMain] c.t.b.t.config.SecretsManagerConfig      : 🔐 AWS Secrets Manager에서 DB 정보를 가져오는 중... (Secret: tallybot-test-db)
2025-06-04T03:00:28.343+09:00 ERROR 27028 --- [restartedMain] c.t.b.t.config.SecretsManagerConfig      : ❌ AWS Secrets Manager에서 DB 정보 가져오기 실패: Unable to load credentials from any of the providers in the chain AwsCredentialsProviderChain(credentialsProviders=[SystemPropertyCredentialsProvider(), EnvironmentVariableCredentialsProvider(), WebIdentityTokenCredentialsProvider(), ProfileCredentialsProvider(profileName=default, profileFile=ProfileFile(profilesAndSectionsMap=[])), ContainerCredentialsProvider(), InstanceProfileCredentialsProvider()]) : [SystemPropertyCredentialsProvider(): Unable to load credentials from system settings. Access key must be specified either via environment variable (AWS_ACCESS_KEY_ID) or system property (aws.accessKeyId)., EnvironmentVariableCredentialsProvider(): Unable to load credentials from system settings. Access key must be specified either via environment variable (AWS_ACCESS_KEY_ID) or system property (aws.accessKeyId)., WebIdentityTokenCredentialsProvider(): Either the environment variable AWS_WEB_IDENTITY_TOKEN_FILE or the javaproperty aws.webIdentityTokenFile must be set., ProfileCredentialsProvider(profileName=default, profileFile=ProfileFile(profilesAndSectionsMap=[])): Profile file contained no credentials for profile 'default': ProfileFile(profilesAndSectionsMap=[]), ContainerCredentialsProvider(): Cannot fetch credentials from container - neither AWS_CONTAINER_CREDENTIALS_FULL_URI or AWS_CONTAINER_CREDENTIALS_RELATIVE_URI environment variables are set., InstanceProfileCredentialsProvider(): Failed to load credentials from IMDS.]
2025-06-04T03:00:28.346+09:00  WARN 27028 --- [restartedMain] ConfigServletWebServerApplicationContext : Exception encountered during context initialization - cancelling refresh attempt: org.springframework.beans.factory.BeanCreationException: Error creating bean with name 'entityManagerFactory' defined in class path resource [org/springframework/boot/autoconfigure/orm/jpa/HibernateJpaConfiguration.class]: Failed to initialize dependency 'dataSourceScriptDatabaseInitializer' of LoadTimeWeaverAware bean 'entityManagerFactory': Error creating bean with name 'dataSourceScriptDatabaseInitializer' defined in class path resource [org/springframework/boot/autoconfigure/sql/init/DataSourceInitializationConfiguration.class]: Unsatisfied dependency expressed through method 'dataSourceScriptDatabaseInitializer' parameter 0: Error creating bean with name 'dataSource' defined in class path resource [com/tallybot/backend/tallybot_back/config/SecretsManagerConfig.class]: Failed to instantiate [javax.sql.DataSource]: Factory method 'dataSource' threw exception with message: Failed to configure DataSource from AWS Secrets Manager
2025-06-04T03:00:28.351+09:00  INFO 27028 --- [restartedMain] o.apache.catalina.core.StandardService   : Stopping service [Tomcat]
2025-06-04T03:00:28.391+09:00  INFO 27028 --- [restartedMain] .s.b.a.l.ConditionEvaluationReportLogger : 

Error starting ApplicationContext. To display the condition evaluation report re-run your application with 'debug' enabled.
2025-06-04T03:00:28.431+09:00 ERROR 27028 --- [restartedMain] o.s.boot.SpringApplication               : Application run failed

org.springframework.beans.factory.BeanCreationException: Error creating bean with name 'entityManagerFactory' defined in class path resource [org/springframework/boot/autoconfigure/orm/jpa/HibernateJpaConfiguration.class]: Failed to initialize dependency 'dataSourceScriptDatabaseInitializer' of LoadTimeWeaverAware bean 'entityManagerFactory': Error creating bean with name 'dataSourceScriptDatabaseInitializer' defined in class path resource [org/springframework/boot/autoconfigure/sql/init/DataSourceInitializationConfiguration.class]: Unsatisfied dependency expressed through method 'dataSourceScriptDatabaseInitializer' parameter 0: Error creating bean with name 'dataSource' defined in class path resource [com/tallybot/backend/tallybot_back/config/SecretsManagerConfig.class]: Failed to instantiate [javax.sql.DataSource]: Factory method 'dataSource' threw exception with message: Failed to configure DataSource from AWS Secrets Manager
	at org.springframework.beans.factory.support.AbstractBeanFactory.doGetBean(AbstractBeanFactory.java:328) ~[spring-beans-6.2.6.jar:6.2.6]
	at org.springframework.beans.factory.support.AbstractBeanFactory.getBean(AbstractBeanFactory.java:207) ~[spring-beans-6.2.6.jar:6.2.6]
	at org.springframework.context.support.AbstractApplicationContext.finishBeanFactoryInitialization(AbstractApplicationContext.java:970) ~[spring-context-6.2.6.jar:6.2.6]
	at org.springframework.context.support.AbstractApplicationContext.refresh(AbstractApplicationContext.java:627) ~[spring-context-6.2.6.jar:6.2.6]
	at org.springframework.boot.web.servlet.context.ServletWebServerApplicationContext.refresh(ServletWebServerApplicationContext.java:146) ~[spring-boot-3.4.5.jar:3.4.5]
	at org.springframework.boot.SpringApplication.refresh(SpringApplication.java:753) ~[spring-boot-3.4.5.jar:3.4.5]
	at org.springframework.boot.SpringApplication.refreshContext(SpringApplication.java:439) ~[spring-boot-3.4.5.jar:3.4.5]
	at org.springframework.boot.SpringApplication.run(SpringApplication.java:318) ~[spring-boot-3.4.5.jar:3.4.5]
	at org.springframework.boot.SpringApplication.run(SpringApplication.java:1362) ~[spring-boot-3.4.5.jar:3.4.5]
	at org.springframework.boot.SpringApplication.run(SpringApplication.java:1351) ~[spring-boot-3.4.5.jar:3.4.5]
	at com.tallybot.backend.tallybot_back.TallybotBackApplication.main(TallybotBackApplication.java:10) ~[main/:na]
	at java.base/jdk.internal.reflect.NativeMethodAccessorImpl.invoke0(Native Method) ~[na:na]
	at java.base/jdk.internal.reflect.NativeMethodAccessorImpl.invoke(NativeMethodAccessorImpl.java:77) ~[na:na]
	at java.base/jdk.internal.reflect.DelegatingMethodAccessorImpl.invoke(DelegatingMethodAccessorImpl.java:43) ~[na:na]
	at java.base/java.lang.reflect.Method.invoke(Method.java:568) ~[na:na]
	at org.springframework.boot.devtools.restart.RestartLauncher.run(RestartLauncher.java:50) ~[spring-boot-devtools-3.4.5.jar:3.4.5]
Caused by: org.springframework.beans.factory.UnsatisfiedDependencyException: Error creating bean with name 'dataSourceScriptDatabaseInitializer' defined in class path resource [org/springframework/boot/autoconfigure/sql/init/DataSourceInitializationConfiguration.class]: Unsatisfied dependency expressed through method 'dataSourceScriptDatabaseInitializer' parameter 0: Error creating bean with name 'dataSource' defined in class path resource [com/tallybot/backend/tallybot_back/config/SecretsManagerConfig.class]: Failed to instantiate [javax.sql.DataSource]: Factory method 'dataSource' threw exception with message: Failed to configure DataSource from AWS Secrets Manager
	at org.springframework.beans.factory.support.ConstructorResolver.createArgumentArray(ConstructorResolver.java:804) ~[spring-beans-6.2.6.jar:6.2.6]
	at org.springframework.beans.factory.support.ConstructorResolver.instantiateUsingFactoryMethod(ConstructorResolver.java:546) ~[spring-beans-6.2.6.jar:6.2.6]
	at org.springframework.beans.factory.support.AbstractAutowireCapableBeanFactory.instantiateUsingFactoryMethod(AbstractAutowireCapableBeanFactory.java:1367) ~[spring-beans-6.2.6.jar:6.2.6]
	at org.springframework.beans.factory.support.AbstractAutowireCapableBeanFactory.createBeanInstance(AbstractAutowireCapableBeanFactory.java:1197) ~[spring-beans-6.2.6.jar:6.2.6]
	at org.springframework.beans.factory.support.AbstractAutowireCapableBeanFactory.doCreateBean(AbstractAutowireCapableBeanFactory.java:569) ~[spring-beans-6.2.6.jar:6.2.6]
	at org.springframework.beans.factory.support.AbstractAutowireCapableBeanFactory.createBean(AbstractAutowireCapableBeanFactory.java:529) ~[spring-beans-6.2.6.jar:6.2.6]
	at org.springframework.beans.factory.support.AbstractBeanFactory.lambda$doGetBean$0(AbstractBeanFactory.java:339) ~[spring-beans-6.2.6.jar:6.2.6]
	at org.springframework.beans.factory.support.DefaultSingletonBeanRegistry.getSingleton(DefaultSingletonBeanRegistry.java:371) ~[spring-beans-6.2.6.jar:6.2.6]
	at org.springframework.beans.factory.support.AbstractBeanFactory.doGetBean(AbstractBeanFactory.java:337) ~[spring-beans-6.2.6.jar:6.2.6]
	at org.springframework.beans.factory.support.AbstractBeanFactory.getBean(AbstractBeanFactory.java:202) ~[spring-beans-6.2.6.jar:6.2.6]
	at org.springframework.beans.factory.support.AbstractBeanFactory.doGetBean(AbstractBeanFactory.java:315) ~[spring-beans-6.2.6.jar:6.2.6]
	... 15 common frames omitted
Caused by: org.springframework.beans.factory.BeanCreationException: Error creating bean with name 'dataSource' defined in class path resource [com/tallybot/backend/tallybot_back/config/SecretsManagerConfig.class]: Failed to instantiate [javax.sql.DataSource]: Factory method 'dataSource' threw exception with message: Failed to configure DataSource from AWS Secrets Manager
	at org.springframework.beans.factory.support.ConstructorResolver.instantiate(ConstructorResolver.java:657) ~[spring-beans-6.2.6.jar:6.2.6]
	at org.springframework.beans.factory.support.ConstructorResolver.instantiateUsingFactoryMethod(ConstructorResolver.java:489) ~[spring-beans-6.2.6.jar:6.2.6]
	at org.springframework.beans.factory.support.AbstractAutowireCapableBeanFactory.instantiateUsingFactoryMethod(AbstractAutowireCapableBeanFactory.java:1367) ~[spring-beans-6.2.6.jar:6.2.6]
	at org.springframework.beans.factory.support.AbstractAutowireCapableBeanFactory.createBeanInstance(AbstractAutowireCapableBeanFactory.java:1197) ~[spring-beans-6.2.6.jar:6.2.6]
	at org.springframework.beans.factory.support.AbstractAutowireCapableBeanFactory.doCreateBean(AbstractAutowireCapableBeanFactory.java:569) ~[spring-beans-6.2.6.jar:6.2.6]
	at org.springframework.beans.factory.support.AbstractAutowireCapableBeanFactory.createBean(AbstractAutowireCapableBeanFactory.java:529) ~[spring-beans-6.2.6.jar:6.2.6]
	at org.springframework.beans.factory.support.AbstractBeanFactory.lambda$doGetBean$0(AbstractBeanFactory.java:339) ~[spring-beans-6.2.6.jar:6.2.6]
	at org.springframework.beans.factory.support.DefaultSingletonBeanRegistry.getSingleton(DefaultSingletonBeanRegistry.java:371) ~[spring-beans-6.2.6.jar:6.2.6]
	at org.springframework.beans.factory.support.AbstractBeanFactory.doGetBean(AbstractBeanFactory.java:337) ~[spring-beans-6.2.6.jar:6.2.6]
	at org.springframework.beans.factory.support.AbstractBeanFactory.getBean(AbstractBeanFactory.java:202) ~[spring-beans-6.2.6.jar:6.2.6]
	at org.springframework.beans.factory.support.DefaultListableBeanFactory.doResolveDependency(DefaultListableBeanFactory.java:1681) ~[spring-beans-6.2.6.jar:6.2.6]
	at org.springframework.beans.factory.support.DefaultListableBeanFactory.resolveDependency(DefaultListableBeanFactory.java:1627) ~[spring-beans-6.2.6.jar:6.2.6]
	at org.springframework.beans.factory.support.ConstructorResolver.resolveAutowiredArgument(ConstructorResolver.java:913) ~[spring-beans-6.2.6.jar:6.2.6]
	at org.springframework.beans.factory.support.ConstructorResolver.createArgumentArray(ConstructorResolver.java:791) ~[spring-beans-6.2.6.jar:6.2.6]
	... 25 common frames omitted
Caused by: org.springframework.beans.BeanInstantiationException: Failed to instantiate [javax.sql.DataSource]: Factory method 'dataSource' threw exception with message: Failed to configure DataSource from AWS Secrets Manager
	at org.springframework.beans.factory.support.SimpleInstantiationStrategy.lambda$instantiate$0(SimpleInstantiationStrategy.java:199) ~[spring-beans-6.2.6.jar:6.2.6]
	at org.springframework.beans.factory.support.SimpleInstantiationStrategy.instantiateWithFactoryMethod(SimpleInstantiationStrategy.java:88) ~[spring-beans-6.2.6.jar:6.2.6]
	at org.springframework.beans.factory.support.SimpleInstantiationStrategy.instantiate(SimpleInstantiationStrategy.java:168) ~[spring-beans-6.2.6.jar:6.2.6]
	at org.springframework.beans.factory.support.ConstructorResolver.instantiate(ConstructorResolver.java:653) ~[spring-beans-6.2.6.jar:6.2.6]
	... 38 common frames omitted
Caused by: java.lang.RuntimeException: Failed to configure DataSource from AWS Secrets Manager
	at com.tallybot.backend.tallybot_back.config.SecretsManagerConfig.dataSource(SecretsManagerConfig.java:80) ~[main/:na]
	at com.tallybot.backend.tallybot_back.config.SecretsManagerConfig$$SpringCGLIB$$0.CGLIB$dataSource$0(<generated>) ~[main/:na]
	at com.tallybot.backend.tallybot_back.config.SecretsManagerConfig$$SpringCGLIB$$FastClass$$1.invoke(<generated>) ~[main/:na]
	at org.springframework.cglib.proxy.MethodProxy.invokeSuper(MethodProxy.java:258) ~[spring-core-6.2.6.jar:6.2.6]
	at org.springframework.context.annotation.ConfigurationClassEnhancer$BeanMethodInterceptor.intercept(ConfigurationClassEnhancer.java:393) ~[spring-context-6.2.6.jar:6.2.6]
	at com.tallybot.backend.tallybot_back.config.SecretsManagerConfig$$SpringCGLIB$$0.dataSource(<generated>) ~[main/:na]
	at java.base/jdk.internal.reflect.NativeMethodAccessorImpl.invoke0(Native Method) ~[na:na]
	at java.base/jdk.internal.reflect.NativeMethodAccessorImpl.invoke(NativeMethodAccessorImpl.java:77) ~[na:na]
	at java.base/jdk.internal.reflect.DelegatingMethodAccessorImpl.invoke(DelegatingMethodAccessorImpl.java:43) ~[na:na]
	at java.base/java.lang.reflect.Method.invoke(Method.java:568) ~[na:na]
	at org.springframework.beans.factory.support.SimpleInstantiationStrategy.lambda$instantiate$0(SimpleInstantiationStrategy.java:171) ~[spring-beans-6.2.6.jar:6.2.6]
	... 41 common frames omitted
Caused by: software.amazon.awssdk.core.exception.SdkClientException: Unable to load credentials from any of the providers in the chain AwsCredentialsProviderChain(credentialsProviders=[SystemPropertyCredentialsProvider(), EnvironmentVariableCredentialsProvider(), WebIdentityTokenCredentialsProvider(), ProfileCredentialsProvider(profileName=default, profileFile=ProfileFile(profilesAndSectionsMap=[])), ContainerCredentialsProvider(), InstanceProfileCredentialsProvider()]) : [SystemPropertyCredentialsProvider(): Unable to load credentials from system settings. Access key must be specified either via environment variable (AWS_ACCESS_KEY_ID) or system property (aws.accessKeyId)., EnvironmentVariableCredentialsProvider(): Unable to load credentials from system settings. Access key must be specified either via environment variable (AWS_ACCESS_KEY_ID) or system property (aws.accessKeyId)., WebIdentityTokenCredentialsProvider(): Either the environment variable AWS_WEB_IDENTITY_TOKEN_FILE or the javaproperty aws.webIdentityTokenFile must be set., ProfileCredentialsProvider(profileName=default, profileFile=ProfileFile(profilesAndSectionsMap=[])): Profile file contained no credentials for profile 'default': ProfileFile(profilesAndSectionsMap=[]), ContainerCredentialsProvider(): Cannot fetch credentials from container - neither AWS_CONTAINER_CREDENTIALS_FULL_URI or AWS_CONTAINER_CREDENTIALS_RELATIVE_URI environment variables are set., InstanceProfileCredentialsProvider(): Failed to load credentials from IMDS.]
	at software.amazon.awssdk.core.exception.SdkClientException$BuilderImpl.build(SdkClientException.java:111) ~[sdk-core-2.20.26.jar:na]
	at software.amazon.awssdk.auth.credentials.AwsCredentialsProviderChain.resolveCredentials(AwsCredentialsProviderChain.java:117) ~[auth-2.20.26.jar:na]
	at software.amazon.awssdk.auth.credentials.internal.LazyAwsCredentialsProvider.resolveCredentials(LazyAwsCredentialsProvider.java:45) ~[auth-2.20.26.jar:na]
	at software.amazon.awssdk.auth.credentials.DefaultCredentialsProvider.resolveCredentials(DefaultCredentialsProvider.java:126) ~[auth-2.20.26.jar:na]
	at software.amazon.awssdk.core.internal.util.MetricUtils.measureDuration(MetricUtils.java:50) ~[sdk-core-2.20.26.jar:na]
	at software.amazon.awssdk.awscore.internal.authcontext.AwsCredentialsAuthorizationStrategy.resolveCredentials(AwsCredentialsAuthorizationStrategy.java:100) ~[aws-core-2.20.26.jar:na]
	at software.amazon.awssdk.awscore.internal.authcontext.AwsCredentialsAuthorizationStrategy.addCredentialsToExecutionAttributes(AwsCredentialsAuthorizationStrategy.java:77) ~[aws-core-2.20.26.jar:na]
	at software.amazon.awssdk.awscore.internal.AwsExecutionContextBuilder.invokeInterceptorsAndCreateExecutionContext(AwsExecutionContextBuilder.java:123) ~[aws-core-2.20.26.jar:na]
	at software.amazon.awssdk.awscore.client.handler.AwsSyncClientHandler.invokeInterceptorsAndCreateExecutionContext(AwsSyncClientHandler.java:69) ~[aws-core-2.20.26.jar:na]
	at software.amazon.awssdk.core.internal.handler.BaseSyncClientHandler.lambda$execute$1(BaseSyncClientHandler.java:78) ~[sdk-core-2.20.26.jar:na]
	at software.amazon.awssdk.core.internal.handler.BaseSyncClientHandler.measureApiCallSuccess(BaseSyncClientHandler.java:179) ~[sdk-core-2.20.26.jar:na]
	at software.amazon.awssdk.core.internal.handler.BaseSyncClientHandler.execute(BaseSyncClientHandler.java:76) ~[sdk-core-2.20.26.jar:na]
	at software.amazon.awssdk.core.client.handler.SdkSyncClientHandler.execute(SdkSyncClientHandler.java:45) ~[sdk-core-2.20.26.jar:na]
	at software.amazon.awssdk.awscore.client.handler.AwsSyncClientHandler.execute(AwsSyncClientHandler.java:56) ~[aws-core-2.20.26.jar:na]
	at software.amazon.awssdk.services.secretsmanager.DefaultSecretsManagerClient.getSecretValue(DefaultSecretsManagerClient.java:978) ~[secretsmanager-2.20.26.jar:na]
	at com.tallybot.backend.tallybot_back.config.SecretsManagerConfig.dataSource(SecretsManagerConfig.java:44) ~[main/:na]
	... 51 common frames omitted

